<?xml version="1.0" encoding="UTF-8"?>
<testsuite name="com.mindex.challenge.service.impl.EmployeeServiceImplTest" tests="2" skipped="0" failures="0" errors="0" timestamp="2025-01-25T19:57:59" hostname="DESKTOP-IFFT2SR" time="0.222">
  <properties/>
  <testcase name="testCreateReadUpdate" classname="com.mindex.challenge.service.impl.EmployeeServiceImplTest" time="0.202"/>
  <testcase name="assertCreateReadGetNewReportingSturcture" classname="com.mindex.challenge.service.impl.EmployeeServiceImplTest" time="0.019"/>
  <system-out><![CDATA[2025-01-25T14:57:58.764-05:00  INFO 4124 --- [    Test worker] t.c.s.AnnotationConfigContextLoaderUtils : Could not detect default configuration classes for test class [com.mindex.challenge.service.impl.EmployeeServiceImplTest]: EmployeeServiceImplTest does not declare any static, non-private, non-final, nested classes annotated with @Configuration.
2025-01-25T14:57:58.774-05:00  INFO 4124 --- [    Test worker] .b.t.c.SpringBootTestContextBootstrapper : Found @SpringBootConfiguration com.mindex.challenge.ChallengeApplication for test class com.mindex.challenge.service.impl.EmployeeServiceImplTest

  .   ____          _            __ _ _
 /\\ / ___'_ __ _ _(_)_ __  __ _ \ \ \ \
( ( )\___ | '_ | '_| | '_ \/ _` | \ \ \ \
 \\/  ___)| |_)| | | | | || (_| |  ) ) ) )
  '  |____| .__|_| |_|_| |_\__, | / / / /
 =========|_|==============|___/=/_/_/_/
 :: Spring Boot ::                (v3.2.3)

2025-01-25T14:57:58.807-05:00  INFO 4124 --- [    Test worker] c.m.c.s.impl.EmployeeServiceImplTest     : Starting EmployeeServiceImplTest using Java 17.0.10 with PID 4124 (started by 18045 in C:\Users\18045\IdeaProjects\mindex-code-challenge)
2025-01-25T14:57:58.807-05:00 DEBUG 4124 --- [    Test worker] c.m.c.s.impl.EmployeeServiceImplTest     : Running with Spring Boot v3.2.3, Spring v6.1.4
2025-01-25T14:57:58.807-05:00  INFO 4124 --- [    Test worker] c.m.c.s.impl.EmployeeServiceImplTest     : No active profile set, falling back to 1 default profile: "default"
2025-01-25T14:57:58.927-05:00  INFO 4124 --- [    Test worker] .s.d.r.c.RepositoryConfigurationDelegate : Bootstrapping Spring Data MongoDB repositories in DEFAULT mode.
2025-01-25T14:57:58.932-05:00  INFO 4124 --- [    Test worker] .s.d.r.c.RepositoryConfigurationDelegate : Finished Spring Data repository scanning in 4 ms. Found 2 MongoDB repository interfaces.
2025-01-25T14:57:59.106-05:00  INFO 4124 --- [    Test worker] o.s.b.w.embedded.tomcat.TomcatWebServer  : Tomcat initialized with port 0 (http)
2025-01-25T14:57:59.119-05:00  INFO 4124 --- [    Test worker] o.apache.catalina.core.StandardService   : Starting service [Tomcat]
2025-01-25T14:57:59.120-05:00  INFO 4124 --- [    Test worker] o.apache.catalina.core.StandardEngine    : Starting Servlet engine: [Apache Tomcat/10.1.19]
2025-01-25T14:57:59.202-05:00  INFO 4124 --- [    Test worker] o.a.c.c.C.[Tomcat].[localhost].[/]       : Initializing Spring embedded WebApplicationContext
2025-01-25T14:57:59.203-05:00  INFO 4124 --- [    Test worker] w.s.c.ServletWebServerApplicationContext : Root WebApplicationContext: initialization completed in 392 ms
2025-01-25T14:57:59.296-05:00  INFO 4124 --- [    Test worker] de.bwaldvogel.mongo.MongoServer          : started MongoServer(port: 63115, ssl: false)
2025-01-25T14:57:59.301-05:00  INFO 4124 --- [    Test worker] org.mongodb.driver.client                : MongoClient with metadata {"driver": {"name": "mongo-java-driver|sync", "version": "4.11.1"}, "os": {"type": "Windows", "name": "Windows 10", "architecture": "amd64", "version": "10.0"}, "platform": "Java/Oracle Corporation/17.0.10+11-LTS-240"} created with settings MongoClientSettings{readPreference=primary, writeConcern=WriteConcern{w=null, wTimeout=null ms, journal=null}, retryWrites=true, retryReads=true, readConcern=ReadConcern{level=null}, credential=null, transportSettings=null, streamFactoryFactory=null, commandListeners=[], codecRegistry=ProvidersCodecRegistry{codecProviders=[ValueCodecProvider{}, BsonValueCodecProvider{}, DBRefCodecProvider{}, DBObjectCodecProvider{}, DocumentCodecProvider{}, CollectionCodecProvider{}, IterableCodecProvider{}, MapCodecProvider{}, GeoJsonCodecProvider{}, GridFSFileCodecProvider{}, Jsr310CodecProvider{}, JsonObjectCodecProvider{}, BsonCodecProvider{}, EnumCodecProvider{}, com.mongodb.client.model.mql.ExpressionCodecProvider@4aeb0e2b, com.mongodb.Jep395RecordCodecProvider@648c5fb3, com.mongodb.KotlinCodecProvider@47b33e07]}, loggerSettings=LoggerSettings{maxDocumentLength=1000}, clusterSettings={hosts=[127.0.0.1:63115], srvServiceName=mongodb, mode=SINGLE, requiredClusterType=UNKNOWN, requiredReplicaSetName='null', serverSelector='null', clusterListeners='[]', serverSelectionTimeout='30000 ms', localThreshold='15 ms'}, socketSettings=SocketSettings{connectTimeoutMS=10000, readTimeoutMS=0, receiveBufferSize=0, proxySettings=ProxySettings{host=null, port=null, username=null, password=null}}, heartbeatSocketSettings=SocketSettings{connectTimeoutMS=10000, readTimeoutMS=10000, receiveBufferSize=0, proxySettings=ProxySettings{host=null, port=null, username=null, password=null}}, connectionPoolSettings=ConnectionPoolSettings{maxSize=100, minSize=0, maxWaitTimeMS=120000, maxConnectionLifeTimeMS=0, maxConnectionIdleTimeMS=0, maintenanceInitialDelayMS=0, maintenanceFrequencyMS=60000, connectionPoolListeners=[], maxConnecting=2}, serverSettings=ServerSettings{heartbeatFrequencyMS=10000, minHeartbeatFrequencyMS=500, serverListeners='[]', serverMonitorListeners='[]'}, sslSettings=SslSettings{enabled=false, invalidHostNameAllowed=false, context=null}, applicationName='null', compressorList=[], uuidRepresentation=UNSPECIFIED, serverApi=null, autoEncryptionSettings=null, dnsClient=null, inetAddressResolver=null, contextProvider=null}
2025-01-25T14:57:59.302-05:00  INFO 4124 --- [-server-worker1] d.b.mongo.wire.MongoWireProtocolHandler  : client [id: 0xa5c40bf9, L:/127.0.0.1:63115 - R:/127.0.0.1:63116] connected
2025-01-25T14:57:59.302-05:00  INFO 4124 --- [-server-worker2] d.b.mongo.wire.MongoWireProtocolHandler  : client [id: 0x4556fbd0, L:/127.0.0.1:63115 - R:/127.0.0.1:63117] connected
2025-01-25T14:57:59.307-05:00  INFO 4124 --- [127.0.0.1:63115] org.mongodb.driver.cluster               : Monitor thread successfully connected to server with description ServerDescription{address=127.0.0.1:63115, type=STANDALONE, state=CONNECTED, ok=true, minWireVersion=0, maxWireVersion=6, maxDocumentSize=16777216, logicalSessionTimeoutMinutes=null, roundTripTimeNanos=5425700}
2025-01-25T14:57:59.355-05:00  INFO 4124 --- [-server-worker3] d.b.mongo.wire.MongoWireProtocolHandler  : client [id: 0x70361b31, L:/127.0.0.1:63115 - R:/127.0.0.1:63118] connected
2025-01-25T14:57:59.359-05:00  INFO 4124 --- [-server-worker3] d.b.mongo.backend.AbstractMongoBackend   : created database test
2025-01-25T14:57:59.360-05:00  INFO 4124 --- [-server-worker3] d.b.mongo.backend.AbstractMongoDatabase  : adding unique _id index for collection employee
2025-01-25T14:57:59.360-05:00  INFO 4124 --- [-server-worker3] d.b.mongo.backend.AbstractMongoDatabase  : created collection test.employee
2025-01-25T14:57:59.456-05:00  INFO 4124 --- [    Test worker] o.s.b.w.embedded.tomcat.TomcatWebServer  : Tomcat started on port 63119 (http) with context path ''
2025-01-25T14:57:59.459-05:00  INFO 4124 --- [    Test worker] c.m.c.s.impl.EmployeeServiceImplTest     : Started EmployeeServiceImplTest in 0.682 seconds (process running for 5.266)
2025-01-25T14:57:59.578-05:00  INFO 4124 --- [o-auto-1-exec-1] o.a.c.c.C.[Tomcat].[localhost].[/]       : Initializing Spring DispatcherServlet 'dispatcherServlet'
2025-01-25T14:57:59.579-05:00  INFO 4124 --- [o-auto-1-exec-1] o.s.web.servlet.DispatcherServlet        : Initializing Servlet 'dispatcherServlet'
2025-01-25T14:57:59.579-05:00  INFO 4124 --- [o-auto-1-exec-1] o.s.web.servlet.DispatcherServlet        : Completed initialization in 0 ms
2025-01-25T14:57:59.623-05:00 DEBUG 4124 --- [o-auto-1-exec-1] c.m.c.controller.EmployeeController      : Received employee create request for [com.mindex.challenge.data.Employee@220c06de]
2025-01-25T14:57:59.623-05:00 DEBUG 4124 --- [o-auto-1-exec-1] c.m.c.service.impl.EmployeeServiceImpl   : Creating employee [com.mindex.challenge.data.Employee@220c06de]
2025-01-25T14:57:59.649-05:00 DEBUG 4124 --- [o-auto-1-exec-2] c.m.c.controller.EmployeeController      : Received employee create request for id [15178420-5d00-4e3b-83bd-d973ef5dbcc2]
2025-01-25T14:57:59.649-05:00 DEBUG 4124 --- [o-auto-1-exec-2] c.m.c.service.impl.EmployeeServiceImpl   : Creating employee with id [15178420-5d00-4e3b-83bd-d973ef5dbcc2]
2025-01-25T14:57:59.657-05:00 DEBUG 4124 --- [o-auto-1-exec-4] c.m.c.controller.EmployeeController      : Received employee create request for id [15178420-5d00-4e3b-83bd-d973ef5dbcc2] and employee [com.mindex.challenge.data.Employee@17f872d]
2025-01-25T14:57:59.657-05:00 DEBUG 4124 --- [o-auto-1-exec-4] c.m.c.service.impl.EmployeeServiceImpl   : Updating employee [com.mindex.challenge.data.Employee@17f872d]
2025-01-25T14:57:59.675-05:00 DEBUG 4124 --- [o-auto-1-exec-3] c.m.c.controller.EmployeeController      : Received employee create request for [com.mindex.challenge.data.Employee@67013c4c]
2025-01-25T14:57:59.675-05:00 DEBUG 4124 --- [o-auto-1-exec-3] c.m.c.service.impl.EmployeeServiceImpl   : Creating employee [com.mindex.challenge.data.Employee@67013c4c]
2025-01-25T14:57:59.680-05:00 DEBUG 4124 --- [o-auto-1-exec-5] c.m.c.controller.EmployeeController      : Received employee create request for id [8cefb92e-6c00-4179-a684-9630561dd9c1]
2025-01-25T14:57:59.680-05:00 DEBUG 4124 --- [o-auto-1-exec-5] c.m.c.service.impl.EmployeeServiceImpl   : Creating employee with id [8cefb92e-6c00-4179-a684-9630561dd9c1]
]]></system-out>
  <system-err><![CDATA[]]></system-err>
</testsuite>
